<?xml version="1.0" encoding="UTF-8" ?>
<testsuite errors="0" failures="0" hostname="TPE-Alex-Yang" name="junitpack.junit_oauth_login_run" skipped="0" tests="22" time="0.171" timestamp="2018-03-21T02:43:23">
  <properties>
[...]
</properties>
  <testcase classname="junitpack.junit_oauth_login_run" name="Case[0.keyin Email address: Null]" time="0.001" />
  <testcase classname="junitpack.junit_oauth_login_run" name="Case[0_1.keyin Password: Null]" time="0.0" />
  <testcase classname="junitpack.junit_oauth_login_run" name="Case[1.keyin Email address: Abnormal a@a]" time="0.0" />
  <testcase classname="junitpack.junit_oauth_login_run" name="Case[1_1.keyin Email address: Abnormal a@a.c]" time="0.0" />
  <testcase classname="junitpack.junit_oauth_login_run" name="Case[1_2.keyin Email address: Abnormal a@@a.c2c]" time="0.0" />
  <testcase classname="junitpack.junit_oauth_login_run" name="Case[1_3.keyin Email address: Abnormal a@a@a.cc]" time="0.0" />
  <testcase classname="junitpack.junit_oauth_login_run" name="Case[1_4.keyin Email address: Abnormal aa.cc]" time="0.0" />
  <testcase classname="junitpack.junit_oauth_login_run" name="Case[1_5.keyin Email address: Abnormal abcd]" time="0.0" />
  <testcase classname="junitpack.junit_oauth_login_run" name="Case[2.keyin error password]" time="0.0" />
  <testcase classname="junitpack.junit_oauth_login_run" name="Case[3.keyin less than 8 characters password]" time="0.0" />
  <testcase classname="junitpack.junit_oauth_login_run" name="Case[4.keyin 1~8 password]" time="0.0" />
  <testcase classname="junitpack.junit_oauth_login_run" name="Case[5.keyin over 20 characters]" time="0.0" />
  <testcase classname="junitpack.junit_oauth_login_run" name="Case[6.The e-mail format incorrect]" time="0.0" />
  <testcase classname="junitpack.junit_oauth_login_run" name="Case[7.Enter resend email page]" time="0.0" />
  <testcase classname="junitpack.junit_oauth_login_run" name="Case[8.Enter resend email page - Null]" time="0.0" />
  <testcase classname="junitpack.junit_oauth_login_run" name="Case[9.Enter resend email page - a@a]" time="0.001" />
  <testcase classname="junitpack.junit_oauth_login_run" name="Case[9_1.Enter resend email page - a@a.c]" time="0.0" />
  <testcase classname="junitpack.junit_oauth_login_run" name="Case[9_2.Enter resend email page - a@@a.c2c]" time="0.0" />
  <testcase classname="junitpack.junit_oauth_login_run" name="Case[9_3.Enter resend email page - a@a@a.cc]" time="0.0" />
  <testcase classname="junitpack.junit_oauth_login_run" name="Case[9_4.Enter resend email page - aa.cc]" time="0.0" />
  <testcase classname="junitpack.junit_oauth_login_run" name="Case[9_5.Enter resend email page - abcd]" time="0.0" />
  <testcase classname="junitpack.junit_oauth_login_run" name="Case[10.Enter resend email page - right account]" time="0.0" />
  <system-out><![CDATA[0.keyin Email address: Null = pass
0_1.keyin Password: Null = pass
1.keyin Email address: Abnormal a@a = pass
1_1.keyin Email address: Abnormal a@a.c = pass
1_2.keyin Email address: Abnormal a@@a.c2c = pass
1_3.keyin Email address: Abnormal a@a@a.cc = pass
1_4.keyin Email address: Abnormal aa.cc = pass
1_5.keyin Email address: Abnormal abcd = pass
2.keyin error password = pass
3.keyin less than 8 characters password = pass
4.keyin 1~8 password = pass
5.keyin over 20 characters = pass
6.The e-mail format incorrect = pass
7.Enter resend email page = pass
8.Enter resend email page - Null = pass
9.Enter resend email page - a@a = pass
9_1.Enter resend email page - a@a.c = pass
9_2.Enter resend email page - a@@a.c2c = pass
9_3.Enter resend email page - a@a@a.cc = pass
9_4.Enter resend email page - aa.cc = pass
9_5.Enter resend email page - abcd = pass
10.Enter resend email page - right account = pass
]]></system-out>
  <system-err><![CDATA[Starting ChromeDriver 2.35.528161 (5b82f2d2aae0ca24b877009200ced9065a772e73) on port 41985
Only local connections are allowed.
三月 21, 2018 10:41:38 上午 org.openqa.selenium.remote.ProtocolHandshake createSession
資訊: Attempting bi-dialect session, assuming Postel's Law holds true on the remote end
三月 21, 2018 10:41:39 上午 org.openqa.selenium.remote.ProtocolHandshake createSession
資訊: Detected dialect: OSS
]]></system-err>
</testsuite>
