<?xml version="1.0" encoding="UTF-8" ?>
<testsuites>
  <testsuite errors="0" failures="0" hostname="TPE-Alex-Yang" id="0" name="junit_oauth_create_account_run" package="junitpack" skipped="0" tests="11" time="0.133" timestamp="2018-03-20T10:01:37">
      <properties>
[...]
</properties>

      <testcase classname="junitpack.junit_oauth_create_account_run" name="Case[1.Create_account-Email address:blank]" time="0.001" />

      <testcase classname="junitpack.junit_oauth_create_account_run" name="Case[2.Create_account-Enter incorrect email]" time="0.001" />

      <testcase classname="junitpack.junit_oauth_create_account_run" name="Case[3.Create_account-Enter Password:blank]" time="0.0" />

      <testcase classname="junitpack.junit_oauth_create_account_run" name="Case[4.Create_account-Password: keyin over 20 characters]" time="0.0" />

      <testcase classname="junitpack.junit_oauth_create_account_run" name="Case[5.Create_account-Password: keyin 1~8 number]" time="0.0" />

      <testcase classname="junitpack.junit_oauth_create_account_run" name="Case[6.Create_account-Password: keyin 1~7 characters]" time="0.0" />

      <testcase classname="junitpack.junit_oauth_create_account_run" name="Case[9.Create_account-Uncheck &quot;Yes, I agree to the terms of use&quot;]" time="0.0" />

      <testcase classname="junitpack.junit_oauth_create_account_run" name="Case[10.Create_account-Enter nickname : blank]" time="0.0" />

      <testcase classname="junitpack.junit_oauth_create_account_run" name="Case[11.Create_account-Enter nickname over 128 characters]" time="0.001" />

      <testcase classname="junitpack.junit_oauth_create_account_run" name="Case[17.Create_account-Enter error cfm password]" time="0.0" />

      <testcase classname="junitpack.junit_oauth_create_account_run" name="Case[22.Create_account-Enter Error Captcha verification email]" time="0.001" />

      <system-out><![CDATA[1.Create_account-Email address:blank = pass
2.Create_account-Enter incorrect email = pass
3.Create_account-Enter Password:blank = pass
4.Create_account-Password: keyin over 20 characters = pass
5.Create_account-Password: keyin 1~8 number = pass
6.Create_account-Password: keyin 1~7 characters = pass
9.Create_account-Uncheck "Yes, I agree to the terms of use" = pass
10.Create_account-Enter nickname : blank = pass
11.Create_account-Enter nickname over 128 characters = pass
17.Create_account-Enter error cfm password = pass
22.Create_account-Enter Error Captcha verification email = pass
]]></system-out>

      <system-err><![CDATA[Starting ChromeDriver 2.35.528161 (5b82f2d2aae0ca24b877009200ced9065a772e73) on port 39682
Only local connections are allowed.
三月 20, 2018 6:01:05 下午 org.openqa.selenium.remote.ProtocolHandshake createSession
資訊: Attempting bi-dialect session, assuming Postel's Law holds true on the remote end
三月 20, 2018 6:01:07 下午 org.openqa.selenium.remote.ProtocolHandshake createSession
資訊: Detected dialect: OSS
]]></system-err>

  </testsuite>
  <testsuite errors="0" failures="0" hostname="TPE-Alex-Yang" id="1" name="testtimes" package="junitpack" skipped="0" tests="22" time="0.169" timestamp="2018-03-19T08:33:28">
      <properties>
[...]
</properties>

      <testcase classname="junitpack.testtimes" name="Case[0.keyin Email address: Null]" time="0.0" />

      <testcase classname="junitpack.testtimes" name="Case[0_1.keyin Password: Null]" time="0.0" />

      <testcase classname="junitpack.testtimes" name="Case[1.keyin Email address: Abnormal a@a]" time="0.0" />

      <testcase classname="junitpack.testtimes" name="Case[1_1.keyin Email address: Abnormal a@a.c]" time="0.0" />

      <testcase classname="junitpack.testtimes" name="Case[1_2.keyin Email address: Abnormal a@@a.c2c]" time="0.0" />

      <testcase classname="junitpack.testtimes" name="Case[1_3.keyin Email address: Abnormal a@a@a.cc]" time="0.0" />

      <testcase classname="junitpack.testtimes" name="Case[1_4.keyin Email address: Abnormal aa.cc]" time="0.0" />

      <testcase classname="junitpack.testtimes" name="Case[1_5.keyin Email address: Abnormal abcd]" time="0.0" />

      <testcase classname="junitpack.testtimes" name="Case[2.keyin error password]" time="0.0" />

      <testcase classname="junitpack.testtimes" name="Case[3.keyin less than 8 characters password]" time="0.0" />

      <testcase classname="junitpack.testtimes" name="Case[4.keyin 1~8 password]" time="0.0" />

      <testcase classname="junitpack.testtimes" name="Case[5.keyin over 20 characters]" time="0.0" />

      <testcase classname="junitpack.testtimes" name="Case[6.The e-mail format incorrect]" time="0.0" />

      <testcase classname="junitpack.testtimes" name="Case[7.Enter resend email page]" time="0.0" />

      <testcase classname="junitpack.testtimes" name="Case[8.Enter resend email page - Null]" time="0.0" />

      <testcase classname="junitpack.testtimes" name="Case[9.Enter resend email page - a@a]" time="0.001" />

      <testcase classname="junitpack.testtimes" name="Case[9_1.Enter resend email page - a@a.c]" time="0.0" />

      <testcase classname="junitpack.testtimes" name="Case[9_2.Enter resend email page - a@@a.c2c]" time="0.0" />

      <testcase classname="junitpack.testtimes" name="Case[9_3.Enter resend email page - a@a@a.cc]" time="0.0" />

      <testcase classname="junitpack.testtimes" name="Case[9_4.Enter resend email page - aa.cc]" time="0.0" />

      <testcase classname="junitpack.testtimes" name="Case[9_5.Enter resend email page - abcd]" time="0.0" />

      <testcase classname="junitpack.testtimes" name="Case[10.Enter resend email page - right account]" time="0.0" />

      <system-out><![CDATA[0.keyin Email address: Null = pass
0_1.keyin Password: Null = pass
1.keyin Email address: Abnormal a@a = pass
1_1.keyin Email address: Abnormal a@a.c = pass
1_2.keyin Email address: Abnormal a@@a.c2c = pass
1_3.keyin Email address: Abnormal a@a@a.cc = pass
1_4.keyin Email address: Abnormal aa.cc = pass
1_5.keyin Email address: Abnormal abcd = pass
1_5.keyin Email address: Abnormal abcd = pass
2.keyin error password = pass
3.keyin less than 8 characters password = pass
4.keyin 1~8 password = pass
5.keyin over 20 characters = pass
6.The e-mail format incorrect = pass
7.Enter resend email page = pass
8.Enter resend email page - Null = pass
9.Enter resend email page - a@a = pass
9_1.Enter resend email page - a@a.c = pass
9_2.Enter resend email page - a@@a.c2c = pass
9_3.Enter resend email page - a@a@a.cc = pass
9_4.Enter resend email page - aa.cc = pass
9_5.Enter resend email page - abcd = pass
10.Enter resend email page - right account = pass
]]></system-out>

      <system-err><![CDATA[Starting ChromeDriver 2.35.528161 (5b82f2d2aae0ca24b877009200ced9065a772e73) on port 7353
Only local connections are allowed.
三月 19, 2018 4:31:46 下午 org.openqa.selenium.remote.ProtocolHandshake createSession
資訊: Attempting bi-dialect session, assuming Postel's Law holds true on the remote end
三月 19, 2018 4:31:48 下午 org.openqa.selenium.remote.ProtocolHandshake createSession
資訊: Detected dialect: OSS
]]></system-err>

  </testsuite>
</testsuites>
