<?xml version="1.0" encoding="UTF-8" ?>
<testsuite errors="0" failures="0" hostname="TPE-Alex-Yang" name="junitpack.junit_oauth_create_account_run" skipped="0" tests="11" time="0.155" timestamp="2018-03-21T04:04:43">
  <properties>
[...]
</properties>
  <testcase classname="junitpack.junit_oauth_create_account_run" name="Case[1.Create_account-Email address:blank]" time="0.001" />
  <testcase classname="junitpack.junit_oauth_create_account_run" name="Case[2.Create_account-Enter incorrect email]" time="0.0" />
  <testcase classname="junitpack.junit_oauth_create_account_run" name="Case[3.Create_account-Enter Password:blank]" time="0.0" />
  <testcase classname="junitpack.junit_oauth_create_account_run" name="Case[4.Create_account-Password: keyin over 20 characters]" time="0.001" />
  <testcase classname="junitpack.junit_oauth_create_account_run" name="Case[5.Create_account-Password: keyin 1~8 number]" time="0.0" />
  <testcase classname="junitpack.junit_oauth_create_account_run" name="Case[6.Create_account-Password: keyin 1~7 characters]" time="0.0" />
  <testcase classname="junitpack.junit_oauth_create_account_run" name="Case[9.Create_account-Uncheck &quot;Yes, I agree to the terms of use&quot;]" time="0.0" />
  <testcase classname="junitpack.junit_oauth_create_account_run" name="Case[10.Create_account-Enter nickname : blank]" time="0.0" />
  <testcase classname="junitpack.junit_oauth_create_account_run" name="Case[11.Create_account-Enter nickname over 128 characters]" time="0.0" />
  <testcase classname="junitpack.junit_oauth_create_account_run" name="Case[17.Create_account-Enter error cfm password]" time="0.001" />
  <testcase classname="junitpack.junit_oauth_create_account_run" name="Case[22.Create_account-Enter Error Captcha verification email]" time="0.0" />
  <system-out><![CDATA[1.Create_account-Email address:blank = pass
2.Create_account-Enter incorrect email = pass
3.Create_account-Enter Password:blank = pass
4.Create_account-Password: keyin over 20 characters = pass
5.Create_account-Password: keyin 1~8 number = pass
6.Create_account-Password: keyin 1~7 characters = pass
9.Create_account-Uncheck "Yes, I agree to the terms of use" = pass
10.Create_account-Enter nickname : blank = pass
11.Create_account-Enter nickname over 128 characters = pass
17.Create_account-Enter error cfm password = pass
22.Create_account-Enter Error Captcha verification email = pass
]]></system-out>
  <system-err><![CDATA[Starting ChromeDriver 2.35.528161 (5b82f2d2aae0ca24b877009200ced9065a772e73) on port 21698
Only local connections are allowed.
三月 21, 2018 12:04:10 下午 org.openqa.selenium.remote.ProtocolHandshake createSession
資訊: Attempting bi-dialect session, assuming Postel's Law holds true on the remote end
三月 21, 2018 12:04:12 下午 org.openqa.selenium.remote.ProtocolHandshake createSession
資訊: Detected dialect: OSS
]]></system-err>
</testsuite>
